ACtingDriver/app/build/intermediates/manifest_merge_blame_file/debug/manifest-merger-blame-debug-report.txt
1<?xml version="1.0" encoding="utf-8"?>
2<manifest xmlns:android="http://schemas.android.com/apk/res/android"
3    package="com.example.actingdriver"
4    android:versionCode="1"
5    android:versionName="1.0" >
6
7    <uses-sdk
8        android:minSdkVersion="21"
8-->src\main\AndroidManifest.xml
9        android:targetSdkVersion="31" />
9-->src\main\AndroidManifest.xml
10
11    <uses-permission android:name="android.permission.ACCESS_FINE_LOCATION" />
11-->src\main\AndroidManifest.xml:5:5-79
11-->src\main\AndroidManifest.xml:5:22-76
12    <uses-permission android:name="android.permission.ACCESS_COARSE_LOCATION" />
12-->src\main\AndroidManifest.xml:6:5-81
12-->src\main\AndroidManifest.xml:6:22-78
13    <uses-permission android:name="android.permission.INTERNET" />
13-->src\main\AndroidManifest.xml:7:5-67
13-->src\main\AndroidManifest.xml:7:22-64
14    <uses-permission android:name="android.permission.READ_EXTERNAL_STORAGE" />
14-->src\main\AndroidManifest.xml:8:5-80
14-->src\main\AndroidManifest.xml:8:22-77
15    <uses-permission android:name="android.permission.WRITE_EXTERNAL_STORAGE" />
15-->src\main\AndroidManifest.xml:9:5-81
15-->src\main\AndroidManifest.xml:9:22-78
16
17    <!-- Include required permissions for Google Maps API to run. -->
18    <uses-permission android:name="android.permission.ACCESS_NETWORK_STATE" />
18-->[com.google.android.gms:play-services-maps:18.0.1] AndroidManifest.xml:23:5-79
18-->[com.google.android.gms:play-services-maps:18.0.1] AndroidManifest.xml:23:22-76
19
20    <uses-feature
20-->[com.google.android.gms:play-services-maps:18.0.1] AndroidManifest.xml:26:5-28:35
21        android:glEsVersion="0x00020000"
21-->[com.google.android.gms:play-services-maps:18.0.1] AndroidManifest.xml:27:9-41
22        android:required="true" />
22-->[com.google.android.gms:play-services-maps:18.0.1] AndroidManifest.xml:28:9-32
23
24    <queries>
24-->[com.google.android.gms:play-services-maps:18.0.1] AndroidManifest.xml:30:5-34:15
25
26        <!-- Needs to be explicitly declared on Android R+ -->
27        <package android:name="com.google.android.apps.maps" />
27-->[com.google.android.gms:play-services-maps:18.0.1] AndroidManifest.xml:33:9-64
27-->[com.google.android.gms:play-services-maps:18.0.1] AndroidManifest.xml:33:18-61
28    </queries>
29
30    <application
30-->src\main\AndroidManifest.xml:11:5-64:19
31        android:allowBackup="true"
31-->src\main\AndroidManifest.xml:12:9-35
32        android:appComponentFactory="androidx.core.app.CoreComponentFactory"
32-->[androidx.core:core:1.7.0] AndroidManifest.xml:24:18-86
33        android:debuggable="true"
34        android:icon="@mipmap/ic_launcher"
34-->src\main\AndroidManifest.xml:13:9-43
35        android:label="@string/app_name"
35-->src\main\AndroidManifest.xml:14:9-41
36        android:roundIcon="@mipmap/ic_launcher_round"
36-->src\main\AndroidManifest.xml:15:9-54
37        android:supportsRtl="true"
37-->src\main\AndroidManifest.xml:16:9-35
38        android:testOnly="true"
39        android:theme="@style/Theme.ACtingDriver" >
39-->src\main\AndroidManifest.xml:17:9-50
40        <activity
40-->src\main\AndroidManifest.xml:18:9-20:40
41            android:name="com.example.actingdriver.Admin"
41-->src\main\AndroidManifest.xml:19:13-34
42            android:exported="false" />
42-->src\main\AndroidManifest.xml:20:13-37
43        <activity
43-->src\main\AndroidManifest.xml:21:9-23:40
44            android:name="com.example.actingdriver.AdminLogin"
44-->src\main\AndroidManifest.xml:22:13-39
45            android:exported="false" />
45-->src\main\AndroidManifest.xml:23:13-37
46        <activity
46-->src\main\AndroidManifest.xml:24:9-26:40
47            android:name="com.example.actingdriver.DriverLoginRegisterActivity"
47-->src\main\AndroidManifest.xml:25:13-56
48            android:exported="false" />
48-->src\main\AndroidManifest.xml:26:13-37
49        <activity
49-->src\main\AndroidManifest.xml:27:9-29:59
50            android:name="com.theartofdev.edmodo.cropper.CropImageActivity"
50-->src\main\AndroidManifest.xml:28:13-76
51            android:theme="@style/Base.Theme.AppCompat" />
51-->src\main\AndroidManifest.xml:29:13-56
52        <activity android:name="com.example.actingdriver.MapActivity" />
52-->src\main\AndroidManifest.xml:30:9-49
52-->src\main\AndroidManifest.xml:30:19-46
53        <!--
54             The API key for Google Maps-based APIs is defined as a string resource.
55             (See the file "res/values/google_maps_api.xml").
56             Note that the API key is linked to the encryption key used to sign the APK.
57             You need a different API key for each encryption key, including the release key that is used to
58             sign the APK for publishing.
59             You can define the keys for the debug and release targets in src/debug/ and src/release/.
60        -->
61        <meta-data
61-->src\main\AndroidManifest.xml:39:9-41:55
62            android:name="com.google.android.geo.API_KEY"
62-->src\main\AndroidManifest.xml:40:13-58
63            android:value="@string/google_maps_key" />
63-->src\main\AndroidManifest.xml:41:13-52
64
65        <activity
65-->src\main\AndroidManifest.xml:43:9-45:40
66            android:name="com.example.actingdriver.DriverMapActivity"
66-->src\main\AndroidManifest.xml:44:13-46
67            android:exported="false" />
67-->src\main\AndroidManifest.xml:45:13-37
68        <activity
68-->src\main\AndroidManifest.xml:46:9-48:40
69            android:name="com.example.actingdriver.SettingsActivity"
69-->src\main\AndroidManifest.xml:47:13-45
70            android:exported="false" />
70-->src\main\AndroidManifest.xml:48:13-37
71        <activity
71-->src\main\AndroidManifest.xml:49:9-51:40
72            android:name="com.example.actingdriver.CustomersMapActivity"
72-->src\main\AndroidManifest.xml:50:13-49
73            android:exported="false" />
73-->src\main\AndroidManifest.xml:51:13-37
74        <activity
74-->src\main\AndroidManifest.xml:52:9-54:40
75            android:name="com.example.actingdriver.CustomerLoginRegisterActivity"
75-->src\main\AndroidManifest.xml:53:13-58
76            android:exported="false" />
76-->src\main\AndroidManifest.xml:54:13-37
77        <activity
77-->src\main\AndroidManifest.xml:55:9-63:20
78            android:name="com.example.actingdriver.MainActivity"
78-->src\main\AndroidManifest.xml:56:13-41
79            android:exported="true" >
79-->src\main\AndroidManifest.xml:57:13-36
80            <intent-filter>
80-->src\main\AndroidManifest.xml:58:13-62:29
81                <action android:name="android.intent.action.MAIN" />
81-->src\main\AndroidManifest.xml:59:17-69
81-->src\main\AndroidManifest.xml:59:25-66
82
83                <category android:name="android.intent.category.LAUNCHER" />
83-->src\main\AndroidManifest.xml:61:17-77
83-->src\main\AndroidManifest.xml:61:27-74
84            </intent-filter>
85        </activity>
86        <!-- Needs to be explicitly declared on P+ -->
87        <uses-library
87-->[com.google.android.gms:play-services-maps:18.0.1] AndroidManifest.xml:39:9-41:40
88            android:name="org.apache.http.legacy"
88-->[com.google.android.gms:play-services-maps:18.0.1] AndroidManifest.xml:40:13-50
89            android:required="false" />
89-->[com.google.android.gms:play-services-maps:18.0.1] AndroidManifest.xml:41:13-37
90
91        <provider
91-->[com.squareup.picasso:picasso:2.71828] AndroidManifest.xml:8:9-11:40
92            android:name="com.squareup.picasso.PicassoProvider"
92-->[com.squareup.picasso:picasso:2.71828] AndroidManifest.xml:9:13-64
93            android:authorities="com.example.actingdriver.com.squareup.picasso"
93-->[com.squareup.picasso:picasso:2.71828] AndroidManifest.xml:10:13-72
94            android:exported="false" />
94-->[com.squareup.picasso:picasso:2.71828] AndroidManifest.xml:11:13-37
95
96        <activity
96-->[com.google.firebase:firebase-auth:21.0.1] AndroidManifest.xml:27:9-44:20
97            android:name="com.google.firebase.auth.internal.GenericIdpActivity"
97-->[com.google.firebase:firebase-auth:21.0.1] AndroidManifest.xml:28:13-80
98            android:excludeFromRecents="true"
98-->[com.google.firebase:firebase-auth:21.0.1] AndroidManifest.xml:29:13-46
99            android:exported="true"
99-->[com.google.firebase:firebase-auth:21.0.1] AndroidManifest.xml:30:13-36
100            android:launchMode="singleTask"
100-->[com.google.firebase:firebase-auth:21.0.1] AndroidManifest.xml:31:13-44
101            android:theme="@android:style/Theme.Translucent.NoTitleBar" >
101-->[com.google.firebase:firebase-auth:21.0.1] AndroidManifest.xml:32:13-72
102            <intent-filter>
102-->[com.google.firebase:firebase-auth:21.0.1] AndroidManifest.xml:33:13-43:29
103                <action android:name="android.intent.action.VIEW" />
103-->[com.google.firebase:firebase-auth:21.0.1] AndroidManifest.xml:34:17-69
103-->[com.google.firebase:firebase-auth:21.0.1] AndroidManifest.xml:34:25-66
104
105                <category android:name="android.intent.category.DEFAULT" />
105-->[com.google.firebase:firebase-auth:21.0.1] AndroidManifest.xml:36:17-76
105-->[com.google.firebase:firebase-auth:21.0.1] AndroidManifest.xml:36:27-73
106                <category android:name="android.intent.category.BROWSABLE" />
106-->[com.google.firebase:firebase-auth:21.0.1] AndroidManifest.xml:37:17-78
106-->[com.google.firebase:firebase-auth:21.0.1] AndroidManifest.xml:37:27-75
107
108                <data
108-->[com.google.firebase:firebase-auth:21.0.1] AndroidManifest.xml:39:17-42:51
109                    android:host="firebase.auth"
109-->[com.google.firebase:firebase-auth:21.0.1] AndroidManifest.xml:40:21-49
110                    android:path="/"
110-->[com.google.firebase:firebase-auth:21.0.1] AndroidManifest.xml:41:21-37
111                    android:scheme="genericidp" />
111-->[com.google.firebase:firebase-auth:21.0.1] AndroidManifest.xml:42:21-48
112            </intent-filter>
113        </activity>
114        <activity
114-->[com.google.firebase:firebase-auth:21.0.1] AndroidManifest.xml:45:9-62:20
115            android:name="com.google.firebase.auth.internal.RecaptchaActivity"
115-->[com.google.firebase:firebase-auth:21.0.1] AndroidManifest.xml:46:13-79
116            android:excludeFromRecents="true"
116-->[com.google.firebase:firebase-auth:21.0.1] AndroidManifest.xml:47:13-46
117            android:exported="true"
117-->[com.google.firebase:firebase-auth:21.0.1] AndroidManifest.xml:48:13-36
118            android:launchMode="singleTask"
118-->[com.google.firebase:firebase-auth:21.0.1] AndroidManifest.xml:49:13-44
119            android:theme="@android:style/Theme.Translucent.NoTitleBar" >
119-->[com.google.firebase:firebase-auth:21.0.1] AndroidManifest.xml:50:13-72
120            <intent-filter>
120-->[com.google.firebase:firebase-auth:21.0.1] AndroidManifest.xml:51:13-61:29
121                <action android:name="android.intent.action.VIEW" />
121-->[com.google.firebase:firebase-auth:21.0.1] AndroidManifest.xml:34:17-69
121-->[com.google.firebase:firebase-auth:21.0.1] AndroidManifest.xml:34:25-66
122
123                <category android:name="android.intent.category.DEFAULT" />
123-->[com.google.firebase:firebase-auth:21.0.1] AndroidManifest.xml:36:17-76
123-->[com.google.firebase:firebase-auth:21.0.1] AndroidManifest.xml:36:27-73
124                <category android:name="android.intent.category.BROWSABLE" />
124-->[com.google.firebase:firebase-auth:21.0.1] AndroidManifest.xml:37:17-78
124-->[com.google.firebase:firebase-auth:21.0.1] AndroidManifest.xml:37:27-75
125
126                <data
126-->[com.google.firebase:firebase-auth:21.0.1] AndroidManifest.xml:39:17-42:51
127                    android:host="firebase.auth"
127-->[com.google.firebase:firebase-auth:21.0.1] AndroidManifest.xml:40:21-49
128                    android:path="/"
128-->[com.google.firebase:firebase-auth:21.0.1] AndroidManifest.xml:41:21-37
129                    android:scheme="recaptcha" />
129-->[com.google.firebase:firebase-auth:21.0.1] AndroidManifest.xml:42:21-48
130            </intent-filter>
131        </activity>
132
133        <service
133-->[com.google.firebase:firebase-auth:21.0.1] AndroidManifest.xml:64:9-73:19
134            android:name="com.google.firebase.auth.api.fallback.service.FirebaseAuthFallbackService"
134-->[com.google.firebase:firebase-auth:21.0.1] AndroidManifest.xml:65:13-101
135            android:enabled="true"
135-->[com.google.firebase:firebase-auth:21.0.1] AndroidManifest.xml:66:13-35
136            android:exported="false" >
136-->[com.google.firebase:firebase-auth:21.0.1] AndroidManifest.xml:67:13-37
137            <intent-filter>
137-->[com.google.firebase:firebase-auth:21.0.1] AndroidManifest.xml:68:13-72:29
138                <action android:name="com.google.firebase.auth.api.gms.service.START" />
138-->[com.google.firebase:firebase-auth:21.0.1] AndroidManifest.xml:69:17-89
138-->[com.google.firebase:firebase-auth:21.0.1] AndroidManifest.xml:69:25-86
139
140                <category android:name="android.intent.category.DEFAULT" />
140-->[com.google.firebase:firebase-auth:21.0.1] AndroidManifest.xml:36:17-76
140-->[com.google.firebase:firebase-auth:21.0.1] AndroidManifest.xml:36:27-73
141            </intent-filter>
142        </service>
143        <service
143-->[com.google.firebase:firebase-auth:21.0.1] AndroidManifest.xml:74:9-80:19
144            android:name="com.google.firebase.components.ComponentDiscoveryService"
144-->[com.google.firebase:firebase-auth:21.0.1] AndroidManifest.xml:75:13-84
145            android:directBootAware="true"
145-->[com.google.firebase:firebase-common:20.0.0] AndroidManifest.xml:35:13-43
146            android:exported="false" >
146-->[com.google.firebase:firebase-auth:21.0.1] AndroidManifest.xml:76:13-37
147            <meta-data
147-->[com.google.firebase:firebase-auth:21.0.1] AndroidManifest.xml:77:13-79:85
148                android:name="com.google.firebase.components:com.google.firebase.auth.FirebaseAuthRegistrar"
148-->[com.google.firebase:firebase-auth:21.0.1] AndroidManifest.xml:78:17-109
149                android:value="com.google.firebase.components.ComponentRegistrar" />
149-->[com.google.firebase:firebase-auth:21.0.1] AndroidManifest.xml:79:17-82
150            <meta-data
150-->[com.google.firebase:firebase-database:20.0.3] AndroidManifest.xml:32:13-34:85
151                android:name="com.google.firebase.components:com.google.firebase.database.DatabaseRegistrar"
151-->[com.google.firebase:firebase-database:20.0.3] AndroidManifest.xml:33:17-109
152                android:value="com.google.firebase.components.ComponentRegistrar" />
152-->[com.google.firebase:firebase-database:20.0.3] AndroidManifest.xml:34:17-82
153            <meta-data
153-->[com.google.firebase:firebase-storage:20.0.0] AndroidManifest.xml:33:13-35:85
154                android:name="com.google.firebase.components:com.google.firebase.storage.StorageRegistrar"
154-->[com.google.firebase:firebase-storage:20.0.0] AndroidManifest.xml:34:17-107
155                android:value="com.google.firebase.components.ComponentRegistrar" />
155-->[com.google.firebase:firebase-storage:20.0.0] AndroidManifest.xml:35:17-82
156        </service>
157
158        <activity
158-->[com.google.android.gms:play-services-base:18.0.0] AndroidManifest.xml:20:9-22:45
159            android:name="com.google.android.gms.common.api.GoogleApiActivity"
159-->[com.google.android.gms:play-services-base:18.0.0] AndroidManifest.xml:20:19-85
160            android:exported="false"
160-->[com.google.android.gms:play-services-base:18.0.0] AndroidManifest.xml:22:19-43
161            android:theme="@android:style/Theme.Translucent.NoTitleBar" />
161-->[com.google.android.gms:play-services-base:18.0.0] AndroidManifest.xml:21:19-78
162
163        <provider
163-->[com.google.firebase:firebase-common:20.0.0] AndroidManifest.xml:26:9-31:39
164            android:name="com.google.firebase.provider.FirebaseInitProvider"
164-->[com.google.firebase:firebase-common:20.0.0] AndroidManifest.xml:27:13-77
165            android:authorities="com.example.actingdriver.firebaseinitprovider"
165-->[com.google.firebase:firebase-common:20.0.0] AndroidManifest.xml:28:13-72
166            android:directBootAware="true"
166-->[com.google.firebase:firebase-common:20.0.0] AndroidManifest.xml:29:13-43
167            android:exported="false"
167-->[com.google.firebase:firebase-common:20.0.0] AndroidManifest.xml:30:13-37
168            android:initOrder="100" />
168-->[com.google.firebase:firebase-common:20.0.0] AndroidManifest.xml:31:13-36
169
170        <meta-data
170-->[com.google.android.gms:play-services-basement:18.0.0] AndroidManifest.xml:21:9-23:69
171            android:name="com.google.android.gms.version"
171-->[com.google.android.gms:play-services-basement:18.0.0] AndroidManifest.xml:22:13-58
172            android:value="@integer/google_play_services_version" />
172-->[com.google.android.gms:play-services-basement:18.0.0] AndroidManifest.xml:23:13-66
173
174        <provider
174-->[androidx.emoji2:emoji2:1.0.0] AndroidManifest.xml:26:9-34:20
175            android:name="androidx.startup.InitializationProvider"
175-->[androidx.emoji2:emoji2:1.0.0] AndroidManifest.xml:27:13-67
176            android:authorities="com.example.actingdriver.androidx-startup"
176-->[androidx.emoji2:emoji2:1.0.0] AndroidManifest.xml:28:13-68
177            android:exported="false" >
177-->[androidx.emoji2:emoji2:1.0.0] AndroidManifest.xml:29:13-37
178            <meta-data
178-->[androidx.emoji2:emoji2:1.0.0] AndroidManifest.xml:31:13-33:52
179                android:name="androidx.emoji2.text.EmojiCompatInitializer"
179-->[androidx.emoji2:emoji2:1.0.0] AndroidManifest.xml:32:17-75
180                android:value="androidx.startup" />
180-->[androidx.emoji2:emoji2:1.0.0] AndroidManifest.xml:33:17-49
181            <meta-data
181-->[androidx.lifecycle:lifecycle-process:2.4.0] AndroidManifest.xml:31:13-33:52
182                android:name="androidx.lifecycle.ProcessLifecycleInitializer"
182-->[androidx.lifecycle:lifecycle-process:2.4.0] AndroidManifest.xml:32:17-78
183                android:value="androidx.startup" />
183-->[androidx.lifecycle:lifecycle-process:2.4.0] AndroidManifest.xml:33:17-49
184        </provider>
185    </application>
186
187</manifest>